Build started 9/30/2012 11:29:40 PM.
     1>Project "C:\Users\Yuanhui\Desktop\Project1-Raytracer\PROJ1_WIN\565Raytracer\565Raytracer.vcxproj" on node 2 (build target(s)).
     1>PrepareForBuild:
         Creating directory "C:\Users\Yuanhui\Desktop\Project1-Raytracer\PROJ1_WIN\Release\".
       InitializeBuildStatus:
         Creating "Release\565Raytracer.unsuccessfulbuild" because "AlwaysCreate" was specified.
       AddCudaCompileDeps:
         c:\Program Files (x86)\Microsoft Visual Studio 10.0\VC\bin\cl.exe /E /nologo /showIncludes /TP /I"C:\Program Files\NVIDIA GPU Computing Toolkit\CUDA\v4.0\include" /I"C:/ProgramData/NVIDIA Corporation/NVIDIA GPU Computing SDK 4.0/C/common/inc" /I../shared/glew/includes /I../shared/freeglut/includes /I"C:\Program Files\NVIDIA GPU Computing Toolkit\CUDA\v4.0\bin" /I"C:\Program Files\NVIDIA GPU Computing Toolkit\CUDA\v4.0\include" /I. /FIcuda_runtime.h /c C:\Users\Yuanhui\Desktop\Project1-Raytracer\src\raytraceKernel.cu 
       AddCudaCompilePropsDeps:
         Found "CudaToolkitCustomDir".
         Found "AdditionalDeps".
         Found "CompileOut".
         Found "Include".
         Found "Keep".
         Found "KeepDir".
         Found "NvccCompilation".
         Found "NvccPath".
         Found "RequiredIncludes".
         Found "TargetMachinePlatform".
         Found "CInterleavedPTX".
         Found "CodeGeneration".
         Found "GPUDebugInfo".
         Found "MaxRegCount".
         Found "PtxAsOptionV".
         Found "Defines".
         Found "Emulation".
         Found "HostDebugInfo".
         Found "FastMath".
         Found "Optimization".
         Found "Runtime".
         Found "RuntimeChecks".
         Found "TypeInfo".
         Found "Warning".
         Found "AdditionalOptions".
         Found "CommandLineTemplate".
       CudaBuild:
         Compiling CUDA source file ..\..\src\raytraceKernel.cu...
         Creating directory "C:\Users\Yuanhui\Desktop\Project1-Raytracer\PROJ1_WIN\565Raytracer\Win32\Release".
         cmd.exe /C "C:\Users\Yuanhui\AppData\Local\Temp\9bcf5198287b4658be8f3ca78cb401d3.cmd"
         "C:\Program Files\NVIDIA GPU Computing Toolkit\CUDA\v4.0\bin\nvcc.exe" -gencode=arch=compute_10,code=\"sm_10,compute_10\" --use-local-env --cl-version 2010 -ccbin "c:\Program Files (x86)\Microsoft Visual Studio 10.0\VC\bin" -I"C:\Program Files\NVIDIA GPU Computing Toolkit\CUDA\v4.0\include" -I"C:/ProgramData/NVIDIA Corporation/NVIDIA GPU Computing SDK 4.0/C/common/inc" -I"../shared/glew/includes" -I"../shared/freeglut/includes" -I"C:\Program Files\NVIDIA GPU Computing Toolkit\CUDA\v4.0\include"    --keep-dir "Release" -maxrregcount=0  --machine 32 --compile      -Xcompiler "/EHsc /nologo /Od /Zi  /MD " -o "C:\Users\Yuanhui\Desktop\Project1-Raytracer\PROJ1_WIN\565Raytracer\Win32/Release/raytraceKernel.cu.obj" "C:\Users\Yuanhui\Desktop\Project1-Raytracer\src\raytraceKernel.cu"
         
         C:\Users\Yuanhui\Desktop\Project1-Raytracer\PROJ1_WIN\565Raytracer>"C:\Program Files\NVIDIA GPU Computing Toolkit\CUDA\v4.0\bin\nvcc.exe" -gencode=arch=compute_10,code=\"sm_10,compute_10\" --use-local-env --cl-version 2010 -ccbin "c:\Program Files (x86)\Microsoft Visual Studio 10.0\VC\bin" -I"C:\Program Files\NVIDIA GPU Computing Toolkit\CUDA\v4.0\include" -I"C:/ProgramData/NVIDIA Corporation/NVIDIA GPU Computing SDK 4.0/C/common/inc" -I"../shared/glew/includes" -I"../shared/freeglut/includes" -I"C:\Program Files\NVIDIA GPU Computing Toolkit\CUDA\v4.0\include"    --keep-dir "Release" -maxrregcount=0  --machine 32 --compile      -Xcompiler "/EHsc /nologo /Od /Zi  /MD " -o "C:\Users\Yuanhui\Desktop\Project1-Raytracer\PROJ1_WIN\565Raytracer\Win32/Release/raytraceKernel.cu.obj" "C:\Users\Yuanhui\Desktop\Project1-Raytracer\src\raytraceKernel.cu" 
         raytraceKernel.cu
     1>C:/Users/Yuanhui/Desktop/Project1-Raytracer/src/raytraceKernel.cu(138): warning : variable "hasblock" was declared but never referenced
         
         tmpxft_00001b40_00000000-0_raytraceKernel.cudafe1.gpu
         tmpxft_00001b40_00000000-5_raytraceKernel.cudafe2.gpu
         raytraceKernel.cu
     1>c:\users\yuanhui\desktop\project1-raytracer\src\glm\core\_swizzle.hpp(194): warning : missing return statement at end of non-void function "glm::detail::_swizzle_base2<ValueType, VecType, N, E0, E1, E2, E3, 1>::operator=(const glm::detail::_swizzle_base2<ValueType, VecType, N, E0, E1, E2, E3, 1>::Stub &)"
         
     1>C:/Users/Yuanhui/Desktop/Project1-Raytracer/src/raytraceKernel.cu(138): warning : variable "hasblock" was declared but never referenced
         
     1>ptxas C : /Users/Yuanhui/AppData/Local/Temp/tmpxft_00001b40_00000000-1_raytraceKernel.ptx, line 136; warning : Double is not supported. Demoting to float
         tmpxft_00001b40_00000000-0_raytraceKernel.cudafe1.cpp
         tmpxft_00001b40_00000000-11_raytraceKernel.ii
       ClCompile:
         c:\Program Files (x86)\Microsoft Visual Studio 10.0\VC\bin\CL.exe /c /I"C:\Program Files\NVIDIA GPU Computing Toolkit\CUDA\v4.0\include" /I"C:\ProgramData\NVIDIA Corporation\NVIDIA GPU Computing SDK 4.0\C\common\inc" /I../shared/glew/include /I../shared/freeglut/include /I"C:\Program Files\NVIDIA GPU Computing Toolkit\CUDA\v4.0\include" /Zi /nologo /W3 /WX- /O2 /Oi /Oy- /GL /D WIN32 /D NDEBUG /D _CONSOLE /D _UNICODE /D UNICODE /Gm- /EHsc /MD /GS /Gy /fp:precise /Zc:wchar_t /Zc:forScope /Fo"Release\\" /Fd"Release\vc100.pdb" /Gd /TP /analyze- /errorReport:prompt ..\..\src\glslUtility.cpp ..\..\src\image.cpp ..\..\src\main.cpp ..\..\src\scene.cpp ..\..\src\utilities.cpp
         glslUtility.cpp
         image.cpp
         main.cpp
         Note: including lib: glut32.lib
         
     1>..\..\src\main.cpp(125): warning C4018: '<' : signed/unsigned mismatch
     1>..\..\src\main.cpp(134): warning C4018: '<' : signed/unsigned mismatch
     1>..\..\src\main.cpp(137): warning C4018: '<' : signed/unsigned mismatch
     1>..\..\src\main.cpp(140): warning C4018: '<' : signed/unsigned mismatch
     1>..\..\src\main.cpp(527): warning C4018: '<' : signed/unsigned mismatch
     1>..\..\src\main.cpp(535): warning C4018: '<' : signed/unsigned mismatch
         scene.cpp
     1>..\..\src\scene.cpp(176): warning C4244: '=' : conversion from 'double' to 'float', possible loss of data
     1>..\..\src\scene.cpp(245): warning C4244: 'initializing' : conversion from 'double' to 'float', possible loss of data
     1>..\..\src\scene.cpp(247): warning C4244: 'initializing' : conversion from 'double' to 'float', possible loss of data
     1>..\..\src\scene.cpp(281): warning C4244: '=' : conversion from 'double' to 'float', possible loss of data
     1>..\..\src\scene.cpp(286): warning C4244: '=' : conversion from 'double' to 'float', possible loss of data
     1>..\..\src\scene.cpp(288): warning C4244: '=' : conversion from 'double' to 'float', possible loss of data
     1>..\..\src\scene.cpp(290): warning C4244: '=' : conversion from 'double' to 'float', possible loss of data
     1>..\..\src\scene.cpp(292): warning C4244: '=' : conversion from 'double' to 'float', possible loss of data
     1>..\..\src\scene.cpp(297): warning C4244: '=' : conversion from 'double' to 'float', possible loss of data
     1>..\..\src\scene.cpp(299): warning C4244: '=' : conversion from 'double' to 'float', possible loss of data
         utilities.cpp
         c:\Program Files (x86)\Microsoft Visual Studio 10.0\VC\bin\CL.exe /c /I"C:\Program Files\NVIDIA GPU Computing Toolkit\CUDA\v4.0\include" /I"C:\ProgramData\NVIDIA Corporation\NVIDIA GPU Computing SDK 4.0\C\common\inc" /I../shared/glew/include /I../shared/freeglut/include /I"C:\Program Files\NVIDIA GPU Computing Toolkit\CUDA\v4.0\include" /Zi /nologo /W3 /WX- /O2 /Oi /Oy- /GL /D WIN32 /D NDEBUG /D _CONSOLE /D _UNICODE /D UNICODE /Gm- /EHsc /MD /GS /Gy /fp:precise /Zc:wchar_t /Zc:forScope /Fo"Release\\" /Fd"Release\vc100.pdb" /Gd /TC /analyze- /errorReport:prompt ..\..\src\stb_image\stb_image.c ..\..\src\stb_image\stb_image_write.c
         stb_image.c
         stb_image_write.c
       Link:
         c:\Program Files (x86)\Microsoft Visual Studio 10.0\VC\bin\link.exe /ERRORREPORT:PROMPT /OUT:"C:\Users\Yuanhui\Desktop\Project1-Raytracer\PROJ1_WIN\Release\565Raytracer.exe" /INCREMENTAL:NO /NOLOGO /LIBPATH:../shared/glew/lib /LIBPATH:../shared/freeglut/lib /LIBPATH:"C:\Program Files\NVIDIA GPU Computing Toolkit\CUDA\v4.0\lib\Win32" cudart.lib glew32.lib glu32.lib opengl32.lib kernel32.lib user32.lib gdi32.lib winspool.lib comdlg32.lib advapi32.lib shell32.lib ole32.lib oleaut32.lib uuid.lib odbc32.lib odbccp32.lib kernel32.lib user32.lib gdi32.lib winspool.lib comdlg32.lib advapi32.lib shell32.lib ole32.lib oleaut32.lib uuid.lib odbc32.lib odbccp32.lib /MANIFEST /ManifestFile:"Release\565Raytracer.exe.intermediate.manifest" /MANIFESTUAC:"level='asInvoker' uiAccess='false'" /DEBUG /PDB:"C:\Users\Yuanhui\Desktop\Project1-Raytracer\PROJ1_WIN\Release\565Raytracer.pdb" /SUBSYSTEM:CONSOLE /OPT:REF /OPT:ICF /LTCG /TLBID:1 /ENTRY:"mainCRTStartup" /DYNAMICBASE /NXCOMPAT /IMPLIB:"C:\Users\Yuanhui\Desktop\Project1-Raytracer\PROJ1_WIN\Release\565Raytracer.lib" /MACHINE:X86 "C:\Users\Yuanhui\Desktop\Project1-Raytracer\PROJ1_WIN\565Raytracer\Win32/Release/raytraceKernel.cu.obj"
         Release\glslUtility.obj
         Release\image.obj
         Release\main.obj
         Release\scene.obj
         Release\stb_image.obj
         Release\stb_image_write.obj
         Release\utilities.obj
         Generating code
         Finished generating code
         565Raytracer.vcxproj -> C:\Users\Yuanhui\Desktop\Project1-Raytracer\PROJ1_WIN\Release\565Raytracer.exe
       Manifest:
         C:\Program Files (x86)\Microsoft SDKs\Windows\v7.0A\bin\mt.exe /nologo /verbose /outputresource:"C:\Users\Yuanhui\Desktop\Project1-Raytracer\PROJ1_WIN\Release\565Raytracer.exe;#1" /manifest Release\565Raytracer.exe.intermediate.manifest
       FinalizeBuildStatus:
         Deleting file "Release\565Raytracer.unsuccessfulbuild".
         Touching "Release\565Raytracer.lastbuildstate".
     1>Done Building Project "C:\Users\Yuanhui\Desktop\Project1-Raytracer\PROJ1_WIN\565Raytracer\565Raytracer.vcxproj" (build target(s)).

Build succeeded.

Time Elapsed 00:00:33.16
